


ARM Macro Assembler    Page 1 


    1 00000000         ;/*-----------------------------------------------------
                       ----------------------------------------------------*/
    2 00000000         ;/* Holtek Semiconductor Inc.                           
                                                                           */
    3 00000000         ;/*                                                     
                                                                           */
    4 00000000         ;/* Copyright (C) Holtek Semiconductor Inc.             
                                                                           */
    5 00000000         ;/* All rights reserved.                                
                                                                           */
    6 00000000         ;/*                                                     
                                                                           */
    7 00000000         ;/*-----------------------------------------------------
                       ------------------------------------------------------
    8 00000000         ;  File Name        : startup_ht32f1xxxx_01.s
    9 00000000         ;  Version          : $Rev:: 1013         $
   10 00000000         ;  Date             : $Date:: 2017-12-29 #$
   11 00000000         ;  Description      : Startup code.
   12 00000000         ;-------------------------------------------------------
                       ----------------------------------------------------*/
   13 00000000         
   14 00000000         ;  Supported Device
   15 00000000         ;  ========================================
   16 00000000         ;   HT32F1653, HT32F1654
   17 00000000         ;   HT32F1655, HT32F1656
   18 00000000         ;   HT32F12365, HT32F12366
   19 00000000         ;   HT32F12345
   20 00000000         
   21 00000000         ;/* <<< Use Configuration Wizard in Context Menu >>>    
                                                                           */
   22 00000000         
   23 00000000         ;// <o>  HT32 Device
   24 00000000         ;//      <0=> By Project Asm Define
   25 00000000         ;//      <1=> HT32F1653/1654/1655/1656
   26 00000000         ;//      <2=> HT32F12365/12366
   27 00000000         ;//      <3=> HT32F12345
   28 00000000 00000000 
                       USE_HT32_CHIP_SET
                               EQU              0
   29 00000000         
   30 00000000 FFFFFFFF 
                       _HT32FWID
                               EQU              0xFFFFFFFF
   31 00000000         ;_HT32FWID           EQU     0x00012366
   32 00000000         
   33 00000000 00000001 
                       HT32F1653_54_55_56
                               EQU              1
   34 00000000 00000002 
                       HT32F12365_66
                               EQU              2
   35 00000000 00000003 
                       HT32F12345
                               EQU              3
   36 00000000         
   37 00000000                 IF               USE_HT32_CHIP_SET=0
   38 00000000                 ELSE
   40                          ENDIF
   41 00000000         



ARM Macro Assembler    Page 2 


   42 00000000         ; Amount of memory (in bytes) allocated for Stack and He
                       ap
   43 00000000         ; Tailor those values to your application needs
   44 00000000         ;//   <o> Stack Size (in Bytes, must 8 byte aligned) <0-
                       131072:8>
   45 00000000 00000200 
                       Stack_Size
                               EQU              512
   46 00000000         
   47 00000000                 AREA             STACK, NOINIT, READWRITE, ALIGN
 = 3
   48 00000000         Stack_Mem
                               SPACE            Stack_Size
   49 00000200         __initial_sp
   50 00000200         
   51 00000200         ;//   <o>  Heap Size (in Bytes) <0-131072:8>
   52 00000200 00000000 
                       Heap_Size
                               EQU              0
   53 00000200         
   54 00000200                 AREA             HEAP, NOINIT, READWRITE, ALIGN 
= 3
   55 00000000         __heap_base
   56 00000000         Heap_Mem
                               SPACE            Heap_Size
   57 00000000         __heap_limit
   58 00000000         
   59 00000000                 PRESERVE8
   60 00000000                 THUMB
   61 00000000         
   62 00000000         ;*******************************************************
                       ************************
   63 00000000         ; Fill-up the Vector Table entries with the exceptions I
                       SR address
   64 00000000         ;*******************************************************
                       ************************
   65 00000000                 AREA             RESET, CODE, READONLY
   66 00000000                 EXPORT           __Vectors
   67 00000000 FFFFFFFF 
                       _RESERVED
                               EQU              0xFFFFFFFF
   68 00000000         __Vectors
   69 00000000 00000000        DCD              __initial_sp ; ---, 00, 0x000, 
                                                            Top address of Stac
                                                            k
   70 00000004 00000000        DCD              Reset_Handler ; ---, 01, 0x004,
                                                             Reset Handler
   71 00000008 00000000        DCD              NMI_Handler ; ---, 02, 0x008, N
                                                            MI Handler
   72 0000000C 00000000        DCD              HardFault_Handler ; ---, 03, 0x
                                                            00C, Hard Fault Han
                                                            dler
   73 00000010 00000000        DCD              MemManage_Handler ; ---, 04, 0x
                                                            010, Memory Managem
                                                            ent Fault Handler
   74 00000014 00000000        DCD              BusFault_Handler ; ---, 05, 0x0
                                                            14, Bus Fault Handl
                                                            er
   75 00000018 00000000        DCD              UsageFault_Handler ; ---, 06, 0



ARM Macro Assembler    Page 3 


                                                            x018, Usage Fault H
                                                            andler
   76 0000001C FFFFFFFF        DCD              _RESERVED   ; ---, 07, 0x01C, R
                                                            eserved
   77 00000020 FFFFFFFF        DCD              _HT32FWID   ; ---, 08, 0x020, R
                                                            eserved
   78 00000024 FFFFFFFF        DCD              _RESERVED   ; ---, 09, 0x024, R
                                                            eserved
   79 00000028 FFFFFFFF        DCD              _RESERVED   ; ---, 10, 0x028, R
                                                            eserved
   80 0000002C 00000000        DCD              SVC_Handler ; ---, 11, 0x02C, S
                                                            VC Handler
   81 00000030 00000000        DCD              DebugMon_Handler ; ---, 12, 0x0
                                                            30, Debug Monitor H
                                                            andler
   82 00000034 FFFFFFFF        DCD              _RESERVED   ; ---, 13, 0x034, R
                                                            eserved
   83 00000038 00000000        DCD              PendSV_Handler ; ---, 14, 0x038
                                                            , PendSV Handler
   84 0000003C 00000000        DCD              SysTick_Handler ; ---, 15, 0x03
                                                            C, SysTick Handler
   85 00000040         
   86 00000040         ; External Interrupt Handler
   87 00000040 00000000        DCD              CKRDY_IRQHandler 
                                                            ;  00, 16, 0x040,
   88 00000044 00000000        DCD              LVD_IRQHandler 
                                                            ;  01, 17, 0x044,
   89 00000048 00000000        DCD              BOD_IRQHandler 
                                                            ;  02, 18, 0x048,
   90 0000004C                 IF               (USE_HT32_CHIP=HT32F1653_54_55_
56)
   91 0000004C 00000000        DCD              WDT_IRQHandler 
                                                            ;  03, 19, 0x04C,
   92 00000050                 ELSE
   94                          ENDIF
   95 00000050 00000000        DCD              RTC_IRQHandler 
                                                            ;  04, 20, 0x050,
   96 00000054 00000000        DCD              FLASH_IRQHandler 
                                                            ;  05, 21, 0x054,
   97 00000058 00000000        DCD              EVWUP_IRQHandler 
                                                            ;  06, 22, 0x058,
   98 0000005C 00000000        DCD              LPWUP_IRQHandler 
                                                            ;  07, 23, 0x05C,
   99 00000060 00000000        DCD              EXTI0_IRQHandler 
                                                            ;  08, 24, 0x060,
  100 00000064 00000000        DCD              EXTI1_IRQHandler 
                                                            ;  09, 25, 0x064,
  101 00000068 00000000        DCD              EXTI2_IRQHandler 
                                                            ;  10, 26, 0x068,
  102 0000006C 00000000        DCD              EXTI3_IRQHandler 
                                                            ;  11, 27, 0x06C,
  103 00000070 00000000        DCD              EXTI4_IRQHandler 
                                                            ;  12, 28, 0x070,
  104 00000074 00000000        DCD              EXTI5_IRQHandler 
                                                            ;  13, 29, 0x074,
  105 00000078 00000000        DCD              EXTI6_IRQHandler 
                                                            ;  14, 30, 0x078,
  106 0000007C 00000000        DCD              EXTI7_IRQHandler 
                                                            ;  15, 31, 0x07C,



ARM Macro Assembler    Page 4 


  107 00000080 00000000        DCD              EXTI8_IRQHandler 
                                                            ;  16, 32, 0x080,
  108 00000084 00000000        DCD              EXTI9_IRQHandler 
                                                            ;  17, 33, 0x084,
  109 00000088 00000000        DCD              EXTI10_IRQHandler 
                                                            ;  18, 34, 0x088,
  110 0000008C 00000000        DCD              EXTI11_IRQHandler 
                                                            ;  19, 35, 0x08C,
  111 00000090 00000000        DCD              EXTI12_IRQHandler 
                                                            ;  20, 36, 0x090,
  112 00000094 00000000        DCD              EXTI13_IRQHandler 
                                                            ;  21, 37, 0x094,
  113 00000098 00000000        DCD              EXTI14_IRQHandler 
                                                            ;  22, 38, 0x098,
  114 0000009C 00000000        DCD              EXTI15_IRQHandler 
                                                            ;  23, 39, 0x09C,
  115 000000A0 00000000        DCD              COMP_IRQHandler 
                                                            ;  24, 40, 0x0A0,
  116 000000A4 00000000        DCD              ADC_IRQHandler 
                                                            ;  25, 41, 0x0A4,
  117 000000A8 FFFFFFFF        DCD              _RESERVED   ;  26, 42, 0x0A8,
  118 000000AC 00000000        DCD              MCTM0BRK_IRQHandler 
                                                            ;  27, 43, 0x0AC,
  119 000000B0 00000000        DCD              MCTM0UP_IRQHandler 
                                                            ;  28, 44, 0x0B0,
  120 000000B4 00000000        DCD              MCTM0TR_IRQHandler 
                                                            ;  29, 45, 0x0B4,
  121 000000B8 00000000        DCD              MCTM0CC_IRQHandler 
                                                            ;  30, 46, 0x0B8,
  122 000000BC 00000000        DCD              MCTM1BRK_IRQHandler 
                                                            ;  31, 47, 0x0BC,
  123 000000C0 00000000        DCD              MCTM1UP_IRQHandler 
                                                            ;  32, 48, 0x0C0,
  124 000000C4 00000000        DCD              MCTM1TR_IRQHandler 
                                                            ;  33, 49, 0x0C4,
  125 000000C8 00000000        DCD              MCTM1CC_IRQHandler 
                                                            ;  34, 50, 0x0C8,
  126 000000CC 00000000        DCD              GPTM0_IRQHandler 
                                                            ;  35, 51, 0x0CC,
  127 000000D0 00000000        DCD              GPTM1_IRQHandler 
                                                            ;  36, 52, 0x0D0,
  128 000000D4 FFFFFFFF        DCD              _RESERVED   ;  37, 53, 0x0D4,
  129 000000D8 FFFFFFFF        DCD              _RESERVED   ;  38, 54, 0x0D8,
  130 000000DC FFFFFFFF        DCD              _RESERVED   ;  39, 55, 0x0DC,
  131 000000E0 FFFFFFFF        DCD              _RESERVED   ;  40, 56, 0x0E0,
  132 000000E4 00000000        DCD              BFTM0_IRQHandler 
                                                            ;  41, 57, 0x0E4,
  133 000000E8 00000000        DCD              BFTM1_IRQHandler 
                                                            ;  42, 58, 0x0E8,
  134 000000EC 00000000        DCD              I2C0_IRQHandler 
                                                            ;  43, 59, 0x0EC,
  135 000000F0 00000000        DCD              I2C1_IRQHandler 
                                                            ;  44, 60, 0x0F0,
  136 000000F4 00000000        DCD              SPI0_IRQHandler 
                                                            ;  45, 61, 0x0F4,
  137 000000F8 00000000        DCD              SPI1_IRQHandler 
                                                            ;  46, 62, 0x0F8,
  138 000000FC 00000000        DCD              USART0_IRQHandler 
                                                            ;  47, 63, 0x0FC,



ARM Macro Assembler    Page 5 


  139 00000100 00000000        DCD              USART1_IRQHandler 
                                                            ;  48, 64, 0x100,
  140 00000104 00000000        DCD              UART0_IRQHandler 
                                                            ;  49, 65, 0x104,
  141 00000108 00000000        DCD              UART1_IRQHandler 
                                                            ;  50, 66, 0x108,
  142 0000010C                 IF               (USE_HT32_CHIP=HT32F12345)
  145 0000010C 00000000        DCD              SCI_IRQHandler 
                                                            ;  51, 67, 0x10C,
  146 00000110                 ENDIF
  147 00000110 00000000        DCD              I2S_IRQHandler 
                                                            ;  52, 68, 0x110,
  148 00000114 00000000        DCD              USB_IRQHandler 
                                                            ;  53, 69, 0x114,
  149 00000118                 IF               (USE_HT32_CHIP=HT32F1653_54_55_
56)
  150 00000118 FFFFFFFF        DCD              _RESERVED   ;  54, 70, 0x118,
  151 0000011C                 ELSE
  153                          ENDIF
  154 0000011C 00000000        DCD              PDMA_CH0_IRQHandler 
                                                            ;  55, 71, 0x11C,
  155 00000120 00000000        DCD              PDMA_CH1_IRQHandler 
                                                            ;  56, 72, 0x120,
  156 00000124 00000000        DCD              PDMA_CH2_IRQHandler 
                                                            ;  57, 73, 0x124,
  157 00000128 00000000        DCD              PDMA_CH3_IRQHandler 
                                                            ;  58, 74, 0x128,
  158 0000012C 00000000        DCD              PDMA_CH4_IRQHandler 
                                                            ;  59, 75, 0x12C,
  159 00000130 00000000        DCD              PDMA_CH5_IRQHandler 
                                                            ;  60, 76, 0x130,
  160 00000134 00000000        DCD              PDMA_CH6_IRQHandler 
                                                            ;  61, 77, 0x134,
  161 00000138 00000000        DCD              PDMA_CH7_IRQHandler 
                                                            ;  62, 78, 0x138,
  162 0000013C                 IF               (USE_HT32_CHIP=HT32F1653_54_55_
56)
  163 0000013C FFFFFFFF        DCD              _RESERVED   ;  63, 79, 0x13C,
  164 00000140 FFFFFFFF        DCD              _RESERVED   ;  64, 80, 0x140,
  165 00000144 FFFFFFFF        DCD              _RESERVED   ;  65, 81, 0x144,
  166 00000148 FFFFFFFF        DCD              _RESERVED   ;  66, 82, 0x148,
  167 0000014C                 ELSE
  172                          ENDIF
  173 0000014C                 IF               (USE_HT32_CHIP=HT32F12365_66)
  176 0000014C FFFFFFFF        DCD              _RESERVED   ;  67, 83, 0x14C,
  177 00000150                 ENDIF
  178 00000150 00000000        DCD              EBI_IRQHandler 
                                                            ;  68, 84, 0x150,
  179 00000154                 IF               (USE_HT32_CHIP=HT32F12365_66)
  181                          ENDIF
  182 00000154         
  183 00000154         ; Reset handler routine
  184 00000154         Reset_Handler
                               PROC
  185 00000154                 EXPORT           Reset_Handler                  
 [WEAK]
  186 00000154                 IMPORT           SystemInit
  187 00000154                 IMPORT           __main
  188 00000154                 IF               (USE_HT32_CHIP=HT32F1653_54_55_



ARM Macro Assembler    Page 6 


56)
  189 00000154                 ELSE
  192                          ENDIF
  193 00000154 4806            LDR              R0, =SystemInit
  194 00000156 4780            BLX              R0
  195 00000158 4806            LDR              R0, =__main
  196 0000015A 4700            BX               R0
  197 0000015C                 ENDP
  198 0000015C         
  199 0000015C                 IF               (USE_HT32_CHIP=HT32F1653_54_55_
56)
  200 0000015C                 ELSE
  223                          ENDIF
  224 0000015C         
  225 0000015C         ; Dummy Exception Handlers
  226 0000015C         NMI_Handler
                               PROC
  227 0000015C                 EXPORT           NMI_Handler                    
 [WEAK]
  228 0000015C E7FE            B                .
  229 0000015E                 ENDP
  230 0000015E         
  231 0000015E         HardFault_Handler
                               PROC
  232 0000015E                 EXPORT           HardFault_Handler              
 [WEAK]
  233 0000015E E7FE            B                .
  234 00000160                 ENDP
  235 00000160         
  236 00000160         MemManage_Handler
                               PROC
  237 00000160                 EXPORT           MemManage_Handler              
 [WEAK]
  238 00000160 E7FE            B                .
  239 00000162                 ENDP
  240 00000162         
  241 00000162         BusFault_Handler
                               PROC
  242 00000162                 EXPORT           BusFault_Handler               
 [WEAK]
  243 00000162 E7FE            B                .
  244 00000164                 ENDP
  245 00000164         
  246 00000164         UsageFault_Handler
                               PROC
  247 00000164                 EXPORT           UsageFault_Handler             
 [WEAK]
  248 00000164 E7FE            B                .
  249 00000166                 ENDP
  250 00000166         
  251 00000166         SVC_Handler
                               PROC
  252 00000166                 EXPORT           SVC_Handler                    
 [WEAK]
  253 00000166 E7FE            B                .
  254 00000168                 ENDP
  255 00000168         
  256 00000168         DebugMon_Handler
                               PROC



ARM Macro Assembler    Page 7 


  257 00000168                 EXPORT           DebugMon_Handler               
 [WEAK]
  258 00000168 E7FE            B                .
  259 0000016A                 ENDP
  260 0000016A         
  261 0000016A         PendSV_Handler
                               PROC
  262 0000016A                 EXPORT           PendSV_Handler                 
 [WEAK]
  263 0000016A E7FE            B                .
  264 0000016C                 ENDP
  265 0000016C         
  266 0000016C         SysTick_Handler
                               PROC
  267 0000016C                 EXPORT           SysTick_Handler                
 [WEAK]
  268 0000016C E7FE            B                .
  269 0000016E                 ENDP
  270 0000016E         
  271 0000016E         Default_Handler
                               PROC
  272 0000016E                 EXPORT           CKRDY_IRQHandler               
 [WEAK]
  273 0000016E                 EXPORT           LVD_IRQHandler                 
 [WEAK]
  274 0000016E                 EXPORT           BOD_IRQHandler                 
 [WEAK]
  275 0000016E                 EXPORT           WDT_IRQHandler                 
 [WEAK]
  276 0000016E                 EXPORT           RTC_IRQHandler                 
 [WEAK]
  277 0000016E                 EXPORT           FLASH_IRQHandler               
 [WEAK]
  278 0000016E                 EXPORT           EVWUP_IRQHandler               
 [WEAK]
  279 0000016E                 EXPORT           LPWUP_IRQHandler               
 [WEAK]
  280 0000016E                 EXPORT           EXTI0_IRQHandler               
 [WEAK]
  281 0000016E                 EXPORT           EXTI1_IRQHandler               
 [WEAK]
  282 0000016E                 EXPORT           EXTI2_IRQHandler               
 [WEAK]
  283 0000016E                 EXPORT           EXTI3_IRQHandler               
 [WEAK]
  284 0000016E                 EXPORT           EXTI4_IRQHandler               
 [WEAK]
  285 0000016E                 EXPORT           EXTI5_IRQHandler               
 [WEAK]
  286 0000016E                 EXPORT           EXTI6_IRQHandler               
 [WEAK]
  287 0000016E                 EXPORT           EXTI7_IRQHandler               
 [WEAK]
  288 0000016E                 EXPORT           EXTI8_IRQHandler               
 [WEAK]
  289 0000016E                 EXPORT           EXTI9_IRQHandler               
 [WEAK]
  290 0000016E                 EXPORT           EXTI10_IRQHandler              
 [WEAK]



ARM Macro Assembler    Page 8 


  291 0000016E                 EXPORT           EXTI11_IRQHandler              
 [WEAK]
  292 0000016E                 EXPORT           EXTI12_IRQHandler              
 [WEAK]
  293 0000016E                 EXPORT           EXTI13_IRQHandler              
 [WEAK]
  294 0000016E                 EXPORT           EXTI14_IRQHandler              
 [WEAK]
  295 0000016E                 EXPORT           EXTI15_IRQHandler              
 [WEAK]
  296 0000016E                 EXPORT           COMP_IRQHandler                
 [WEAK]
  297 0000016E                 EXPORT           ADC_IRQHandler                 
 [WEAK]
  298 0000016E                 EXPORT           MCTM0BRK_IRQHandler            
 [WEAK]
  299 0000016E                 EXPORT           MCTM0UP_IRQHandler             
 [WEAK]
  300 0000016E                 EXPORT           MCTM0TR_IRQHandler             
 [WEAK]
  301 0000016E                 EXPORT           MCTM0CC_IRQHandler             
 [WEAK]
  302 0000016E                 EXPORT           MCTM1BRK_IRQHandler            
 [WEAK]
  303 0000016E                 EXPORT           MCTM1UP_IRQHandler             
 [WEAK]
  304 0000016E                 EXPORT           MCTM1TR_IRQHandler             
 [WEAK]
  305 0000016E                 EXPORT           MCTM1CC_IRQHandler             
 [WEAK]
  306 0000016E                 EXPORT           GPTM0_IRQHandler               
 [WEAK]
  307 0000016E                 EXPORT           GPTM1_IRQHandler               
 [WEAK]
  308 0000016E                 EXPORT           BFTM0_IRQHandler               
 [WEAK]
  309 0000016E                 EXPORT           BFTM1_IRQHandler               
 [WEAK]
  310 0000016E                 EXPORT           I2C0_IRQHandler                
 [WEAK]
  311 0000016E                 EXPORT           I2C1_IRQHandler                
 [WEAK]
  312 0000016E                 EXPORT           SPI0_IRQHandler                
 [WEAK]
  313 0000016E                 EXPORT           SPI1_IRQHandler                
 [WEAK]
  314 0000016E                 EXPORT           USART0_IRQHandler              
 [WEAK]
  315 0000016E                 EXPORT           USART1_IRQHandler              
 [WEAK]
  316 0000016E                 EXPORT           UART0_IRQHandler               
 [WEAK]
  317 0000016E                 EXPORT           UART1_IRQHandler               
 [WEAK]
  318 0000016E                 EXPORT           SCI_IRQHandler                 
 [WEAK]
  319 0000016E                 EXPORT           I2S_IRQHandler                 
 [WEAK]
  320 0000016E                 EXPORT           USB_IRQHandler                 



ARM Macro Assembler    Page 9 


 [WEAK]
  321 0000016E                 EXPORT           SDIO_IRQHandler                
 [WEAK]
  322 0000016E                 EXPORT           PDMA_CH0_IRQHandler            
 [WEAK]
  323 0000016E                 EXPORT           PDMA_CH1_IRQHandler            
 [WEAK]
  324 0000016E                 EXPORT           PDMA_CH2_IRQHandler            
 [WEAK]
  325 0000016E                 EXPORT           PDMA_CH3_IRQHandler            
 [WEAK]
  326 0000016E                 EXPORT           PDMA_CH4_IRQHandler            
 [WEAK]
  327 0000016E                 EXPORT           PDMA_CH5_IRQHandler            
 [WEAK]
  328 0000016E                 EXPORT           PDMA_CH6_IRQHandler            
 [WEAK]
  329 0000016E                 EXPORT           PDMA_CH7_IRQHandler            
 [WEAK]
  330 0000016E                 EXPORT           PDMA_CH8_IRQHandler            
 [WEAK]
  331 0000016E                 EXPORT           PDMA_CH9_IRQHandler            
 [WEAK]
  332 0000016E                 EXPORT           PDMA_CH10_IRQHandler           
 [WEAK]
  333 0000016E                 EXPORT           PDMA_CH11_IRQHandler           
 [WEAK]
  334 0000016E                 EXPORT           CSIF_IRQHandler                
 [WEAK]
  335 0000016E                 EXPORT           EBI_IRQHandler                 
 [WEAK]
  336 0000016E                 EXPORT           AES_IRQHandler                 
 [WEAK]
  337 0000016E         CKRDY_IRQHandler
  338 0000016E         LVD_IRQHandler
  339 0000016E         BOD_IRQHandler
  340 0000016E         WDT_IRQHandler
  341 0000016E         RTC_IRQHandler
  342 0000016E         FLASH_IRQHandler
  343 0000016E         EVWUP_IRQHandler
  344 0000016E         LPWUP_IRQHandler
  345 0000016E         EXTI0_IRQHandler
  346 0000016E         EXTI1_IRQHandler
  347 0000016E         EXTI2_IRQHandler
  348 0000016E         EXTI3_IRQHandler
  349 0000016E         EXTI4_IRQHandler
  350 0000016E         EXTI5_IRQHandler
  351 0000016E         EXTI6_IRQHandler
  352 0000016E         EXTI7_IRQHandler
  353 0000016E         EXTI8_IRQHandler
  354 0000016E         EXTI9_IRQHandler
  355 0000016E         EXTI10_IRQHandler
  356 0000016E         EXTI11_IRQHandler
  357 0000016E         EXTI12_IRQHandler
  358 0000016E         EXTI13_IRQHandler
  359 0000016E         EXTI14_IRQHandler
  360 0000016E         EXTI15_IRQHandler
  361 0000016E         COMP_IRQHandler
  362 0000016E         ADC_IRQHandler



ARM Macro Assembler    Page 10 


  363 0000016E         MCTM0BRK_IRQHandler
  364 0000016E         MCTM0UP_IRQHandler
  365 0000016E         MCTM0TR_IRQHandler
  366 0000016E         MCTM0CC_IRQHandler
  367 0000016E         MCTM1BRK_IRQHandler
  368 0000016E         MCTM1UP_IRQHandler
  369 0000016E         MCTM1TR_IRQHandler
  370 0000016E         MCTM1CC_IRQHandler
  371 0000016E         GPTM0_IRQHandler
  372 0000016E         GPTM1_IRQHandler
  373 0000016E         BFTM0_IRQHandler
  374 0000016E         BFTM1_IRQHandler
  375 0000016E         I2C0_IRQHandler
  376 0000016E         I2C1_IRQHandler
  377 0000016E         SPI0_IRQHandler
  378 0000016E         SPI1_IRQHandler
  379 0000016E         USART0_IRQHandler
  380 0000016E         USART1_IRQHandler
  381 0000016E         UART0_IRQHandler
  382 0000016E         UART1_IRQHandler
  383 0000016E         SCI_IRQHandler
  384 0000016E         I2S_IRQHandler
  385 0000016E         USB_IRQHandler
  386 0000016E         SDIO_IRQHandler
  387 0000016E         PDMA_CH0_IRQHandler
  388 0000016E         PDMA_CH1_IRQHandler
  389 0000016E         PDMA_CH2_IRQHandler
  390 0000016E         PDMA_CH3_IRQHandler
  391 0000016E         PDMA_CH4_IRQHandler
  392 0000016E         PDMA_CH5_IRQHandler
  393 0000016E         PDMA_CH6_IRQHandler
  394 0000016E         PDMA_CH7_IRQHandler
  395 0000016E         PDMA_CH8_IRQHandler
  396 0000016E         PDMA_CH9_IRQHandler
  397 0000016E         PDMA_CH10_IRQHandler
  398 0000016E         PDMA_CH11_IRQHandler
  399 0000016E         CSIF_IRQHandler
  400 0000016E         EBI_IRQHandler
  401 0000016E         AES_IRQHandler
  402 0000016E E7FE            B                .
  403 00000170                 ENDP
  404 00000170         
  405 00000170                 ALIGN
  406 00000170         
  407 00000170         ;*******************************************************
                       ************************
  408 00000170         ; User Stack and Heap initialization
  409 00000170         ;*******************************************************
                       ************************
  410 00000170                 IF               :DEF:__MICROLIB
  411 00000170         
  412 00000170                 EXPORT           __initial_sp
  413 00000170                 EXPORT           __heap_base
  414 00000170                 EXPORT           __heap_limit
  415 00000170         
  416 00000170                 ELSE
  430                          ENDIF
  431 00000170         
  432 00000170                 END



ARM Macro Assembler    Page 11 


              00000000 
              00000000 
Command Line: --debug --xref --diag_suppress=9931 --cpu=Cortex-M3 --apcs=interw
ork --depend=.\ht32\1656\obj\startup_ht32f1xxxx_01.d -o.\ht32\1656\obj\startup_
ht32f1xxxx_01.o -ID:\我的资料\合泰\合泰接收端\example\example\example\MDK_ARMv5
\RTE -IC:\Keil_v5\ARM\PACK\Holtek\HT32_DFP\1.0.14 -IC:\Keil_v5\ARM\CMSIS\Includ
e --predefine="__MICROLIB SETA 1" --predefine="__UVISION_VERSION SETA 514" --pr
edefine="USE_HT32F1655_56 SETA 1" --predefine="USE_HT32_CHIP SETA 1" --list=.\h
t32\1656\list\startup_ht32f1xxxx_01.lst startup_ht32f1xxxx_01.s



ARM Macro Assembler    Page 1 Alphabetic symbol ordering
Relocatable symbols

STACK 00000000

Symbol: STACK
   Definitions
      At line 47 in file startup_ht32f1xxxx_01.s
   Uses
      None
Comment: STACK unused
Stack_Mem 00000000

Symbol: Stack_Mem
   Definitions
      At line 48 in file startup_ht32f1xxxx_01.s
   Uses
      None
Comment: Stack_Mem unused
__initial_sp 00000200

Symbol: __initial_sp
   Definitions
      At line 49 in file startup_ht32f1xxxx_01.s
   Uses
      At line 69 in file startup_ht32f1xxxx_01.s
      At line 412 in file startup_ht32f1xxxx_01.s

3 symbols



ARM Macro Assembler    Page 1 Alphabetic symbol ordering
Relocatable symbols

HEAP 00000000

Symbol: HEAP
   Definitions
      At line 54 in file startup_ht32f1xxxx_01.s
   Uses
      None
Comment: HEAP unused
Heap_Mem 00000000

Symbol: Heap_Mem
   Definitions
      At line 56 in file startup_ht32f1xxxx_01.s
   Uses
      None
Comment: Heap_Mem unused
__heap_base 00000000

Symbol: __heap_base
   Definitions
      At line 55 in file startup_ht32f1xxxx_01.s
   Uses
      At line 413 in file startup_ht32f1xxxx_01.s
Comment: __heap_base used once
__heap_limit 00000000

Symbol: __heap_limit
   Definitions
      At line 57 in file startup_ht32f1xxxx_01.s
   Uses
      At line 414 in file startup_ht32f1xxxx_01.s
Comment: __heap_limit used once
4 symbols



ARM Macro Assembler    Page 1 Alphabetic symbol ordering
Relocatable symbols

ADC_IRQHandler 0000016E

Symbol: ADC_IRQHandler
   Definitions
      At line 362 in file startup_ht32f1xxxx_01.s
   Uses
      At line 116 in file startup_ht32f1xxxx_01.s
      At line 297 in file startup_ht32f1xxxx_01.s

AES_IRQHandler 0000016E

Symbol: AES_IRQHandler
   Definitions
      At line 401 in file startup_ht32f1xxxx_01.s
   Uses
      At line 336 in file startup_ht32f1xxxx_01.s
Comment: AES_IRQHandler used once
BFTM0_IRQHandler 0000016E

Symbol: BFTM0_IRQHandler
   Definitions
      At line 373 in file startup_ht32f1xxxx_01.s
   Uses
      At line 132 in file startup_ht32f1xxxx_01.s
      At line 308 in file startup_ht32f1xxxx_01.s

BFTM1_IRQHandler 0000016E

Symbol: BFTM1_IRQHandler
   Definitions
      At line 374 in file startup_ht32f1xxxx_01.s
   Uses
      At line 133 in file startup_ht32f1xxxx_01.s
      At line 309 in file startup_ht32f1xxxx_01.s

BOD_IRQHandler 0000016E

Symbol: BOD_IRQHandler
   Definitions
      At line 339 in file startup_ht32f1xxxx_01.s
   Uses
      At line 89 in file startup_ht32f1xxxx_01.s
      At line 274 in file startup_ht32f1xxxx_01.s

BusFault_Handler 00000162

Symbol: BusFault_Handler
   Definitions
      At line 241 in file startup_ht32f1xxxx_01.s
   Uses
      At line 74 in file startup_ht32f1xxxx_01.s
      At line 242 in file startup_ht32f1xxxx_01.s

CKRDY_IRQHandler 0000016E

Symbol: CKRDY_IRQHandler
   Definitions
      At line 337 in file startup_ht32f1xxxx_01.s
   Uses



ARM Macro Assembler    Page 2 Alphabetic symbol ordering
Relocatable symbols

      At line 87 in file startup_ht32f1xxxx_01.s
      At line 272 in file startup_ht32f1xxxx_01.s

COMP_IRQHandler 0000016E

Symbol: COMP_IRQHandler
   Definitions
      At line 361 in file startup_ht32f1xxxx_01.s
   Uses
      At line 115 in file startup_ht32f1xxxx_01.s
      At line 296 in file startup_ht32f1xxxx_01.s

CSIF_IRQHandler 0000016E

Symbol: CSIF_IRQHandler
   Definitions
      At line 399 in file startup_ht32f1xxxx_01.s
   Uses
      At line 334 in file startup_ht32f1xxxx_01.s
Comment: CSIF_IRQHandler used once
DebugMon_Handler 00000168

Symbol: DebugMon_Handler
   Definitions
      At line 256 in file startup_ht32f1xxxx_01.s
   Uses
      At line 81 in file startup_ht32f1xxxx_01.s
      At line 257 in file startup_ht32f1xxxx_01.s

Default_Handler 0000016E

Symbol: Default_Handler
   Definitions
      At line 271 in file startup_ht32f1xxxx_01.s
   Uses
      None
Comment: Default_Handler unused
EBI_IRQHandler 0000016E

Symbol: EBI_IRQHandler
   Definitions
      At line 400 in file startup_ht32f1xxxx_01.s
   Uses
      At line 178 in file startup_ht32f1xxxx_01.s
      At line 335 in file startup_ht32f1xxxx_01.s

EVWUP_IRQHandler 0000016E

Symbol: EVWUP_IRQHandler
   Definitions
      At line 343 in file startup_ht32f1xxxx_01.s
   Uses
      At line 97 in file startup_ht32f1xxxx_01.s
      At line 278 in file startup_ht32f1xxxx_01.s

EXTI0_IRQHandler 0000016E

Symbol: EXTI0_IRQHandler
   Definitions



ARM Macro Assembler    Page 3 Alphabetic symbol ordering
Relocatable symbols

      At line 345 in file startup_ht32f1xxxx_01.s
   Uses
      At line 99 in file startup_ht32f1xxxx_01.s
      At line 280 in file startup_ht32f1xxxx_01.s

EXTI10_IRQHandler 0000016E

Symbol: EXTI10_IRQHandler
   Definitions
      At line 355 in file startup_ht32f1xxxx_01.s
   Uses
      At line 109 in file startup_ht32f1xxxx_01.s
      At line 290 in file startup_ht32f1xxxx_01.s

EXTI11_IRQHandler 0000016E

Symbol: EXTI11_IRQHandler
   Definitions
      At line 356 in file startup_ht32f1xxxx_01.s
   Uses
      At line 110 in file startup_ht32f1xxxx_01.s
      At line 291 in file startup_ht32f1xxxx_01.s

EXTI12_IRQHandler 0000016E

Symbol: EXTI12_IRQHandler
   Definitions
      At line 357 in file startup_ht32f1xxxx_01.s
   Uses
      At line 111 in file startup_ht32f1xxxx_01.s
      At line 292 in file startup_ht32f1xxxx_01.s

EXTI13_IRQHandler 0000016E

Symbol: EXTI13_IRQHandler
   Definitions
      At line 358 in file startup_ht32f1xxxx_01.s
   Uses
      At line 112 in file startup_ht32f1xxxx_01.s
      At line 293 in file startup_ht32f1xxxx_01.s

EXTI14_IRQHandler 0000016E

Symbol: EXTI14_IRQHandler
   Definitions
      At line 359 in file startup_ht32f1xxxx_01.s
   Uses
      At line 113 in file startup_ht32f1xxxx_01.s
      At line 294 in file startup_ht32f1xxxx_01.s

EXTI15_IRQHandler 0000016E

Symbol: EXTI15_IRQHandler
   Definitions
      At line 360 in file startup_ht32f1xxxx_01.s
   Uses
      At line 114 in file startup_ht32f1xxxx_01.s
      At line 295 in file startup_ht32f1xxxx_01.s




ARM Macro Assembler    Page 4 Alphabetic symbol ordering
Relocatable symbols

EXTI1_IRQHandler 0000016E

Symbol: EXTI1_IRQHandler
   Definitions
      At line 346 in file startup_ht32f1xxxx_01.s
   Uses
      At line 100 in file startup_ht32f1xxxx_01.s
      At line 281 in file startup_ht32f1xxxx_01.s

EXTI2_IRQHandler 0000016E

Symbol: EXTI2_IRQHandler
   Definitions
      At line 347 in file startup_ht32f1xxxx_01.s
   Uses
      At line 101 in file startup_ht32f1xxxx_01.s
      At line 282 in file startup_ht32f1xxxx_01.s

EXTI3_IRQHandler 0000016E

Symbol: EXTI3_IRQHandler
   Definitions
      At line 348 in file startup_ht32f1xxxx_01.s
   Uses
      At line 102 in file startup_ht32f1xxxx_01.s
      At line 283 in file startup_ht32f1xxxx_01.s

EXTI4_IRQHandler 0000016E

Symbol: EXTI4_IRQHandler
   Definitions
      At line 349 in file startup_ht32f1xxxx_01.s
   Uses
      At line 103 in file startup_ht32f1xxxx_01.s
      At line 284 in file startup_ht32f1xxxx_01.s

EXTI5_IRQHandler 0000016E

Symbol: EXTI5_IRQHandler
   Definitions
      At line 350 in file startup_ht32f1xxxx_01.s
   Uses
      At line 104 in file startup_ht32f1xxxx_01.s
      At line 285 in file startup_ht32f1xxxx_01.s

EXTI6_IRQHandler 0000016E

Symbol: EXTI6_IRQHandler
   Definitions
      At line 351 in file startup_ht32f1xxxx_01.s
   Uses
      At line 105 in file startup_ht32f1xxxx_01.s
      At line 286 in file startup_ht32f1xxxx_01.s

EXTI7_IRQHandler 0000016E

Symbol: EXTI7_IRQHandler
   Definitions
      At line 352 in file startup_ht32f1xxxx_01.s



ARM Macro Assembler    Page 5 Alphabetic symbol ordering
Relocatable symbols

   Uses
      At line 106 in file startup_ht32f1xxxx_01.s
      At line 287 in file startup_ht32f1xxxx_01.s

EXTI8_IRQHandler 0000016E

Symbol: EXTI8_IRQHandler
   Definitions
      At line 353 in file startup_ht32f1xxxx_01.s
   Uses
      At line 107 in file startup_ht32f1xxxx_01.s
      At line 288 in file startup_ht32f1xxxx_01.s

EXTI9_IRQHandler 0000016E

Symbol: EXTI9_IRQHandler
   Definitions
      At line 354 in file startup_ht32f1xxxx_01.s
   Uses
      At line 108 in file startup_ht32f1xxxx_01.s
      At line 289 in file startup_ht32f1xxxx_01.s

FLASH_IRQHandler 0000016E

Symbol: FLASH_IRQHandler
   Definitions
      At line 342 in file startup_ht32f1xxxx_01.s
   Uses
      At line 96 in file startup_ht32f1xxxx_01.s
      At line 277 in file startup_ht32f1xxxx_01.s

GPTM0_IRQHandler 0000016E

Symbol: GPTM0_IRQHandler
   Definitions
      At line 371 in file startup_ht32f1xxxx_01.s
   Uses
      At line 126 in file startup_ht32f1xxxx_01.s
      At line 306 in file startup_ht32f1xxxx_01.s

GPTM1_IRQHandler 0000016E

Symbol: GPTM1_IRQHandler
   Definitions
      At line 372 in file startup_ht32f1xxxx_01.s
   Uses
      At line 127 in file startup_ht32f1xxxx_01.s
      At line 307 in file startup_ht32f1xxxx_01.s

HardFault_Handler 0000015E

Symbol: HardFault_Handler
   Definitions
      At line 231 in file startup_ht32f1xxxx_01.s
   Uses
      At line 72 in file startup_ht32f1xxxx_01.s
      At line 232 in file startup_ht32f1xxxx_01.s

I2C0_IRQHandler 0000016E



ARM Macro Assembler    Page 6 Alphabetic symbol ordering
Relocatable symbols


Symbol: I2C0_IRQHandler
   Definitions
      At line 375 in file startup_ht32f1xxxx_01.s
   Uses
      At line 134 in file startup_ht32f1xxxx_01.s
      At line 310 in file startup_ht32f1xxxx_01.s

I2C1_IRQHandler 0000016E

Symbol: I2C1_IRQHandler
   Definitions
      At line 376 in file startup_ht32f1xxxx_01.s
   Uses
      At line 135 in file startup_ht32f1xxxx_01.s
      At line 311 in file startup_ht32f1xxxx_01.s

I2S_IRQHandler 0000016E

Symbol: I2S_IRQHandler
   Definitions
      At line 384 in file startup_ht32f1xxxx_01.s
   Uses
      At line 147 in file startup_ht32f1xxxx_01.s
      At line 319 in file startup_ht32f1xxxx_01.s

LPWUP_IRQHandler 0000016E

Symbol: LPWUP_IRQHandler
   Definitions
      At line 344 in file startup_ht32f1xxxx_01.s
   Uses
      At line 98 in file startup_ht32f1xxxx_01.s
      At line 279 in file startup_ht32f1xxxx_01.s

LVD_IRQHandler 0000016E

Symbol: LVD_IRQHandler
   Definitions
      At line 338 in file startup_ht32f1xxxx_01.s
   Uses
      At line 88 in file startup_ht32f1xxxx_01.s
      At line 273 in file startup_ht32f1xxxx_01.s

MCTM0BRK_IRQHandler 0000016E

Symbol: MCTM0BRK_IRQHandler
   Definitions
      At line 363 in file startup_ht32f1xxxx_01.s
   Uses
      At line 118 in file startup_ht32f1xxxx_01.s
      At line 298 in file startup_ht32f1xxxx_01.s

MCTM0CC_IRQHandler 0000016E

Symbol: MCTM0CC_IRQHandler
   Definitions
      At line 366 in file startup_ht32f1xxxx_01.s
   Uses



ARM Macro Assembler    Page 7 Alphabetic symbol ordering
Relocatable symbols

      At line 121 in file startup_ht32f1xxxx_01.s
      At line 301 in file startup_ht32f1xxxx_01.s

MCTM0TR_IRQHandler 0000016E

Symbol: MCTM0TR_IRQHandler
   Definitions
      At line 365 in file startup_ht32f1xxxx_01.s
   Uses
      At line 120 in file startup_ht32f1xxxx_01.s
      At line 300 in file startup_ht32f1xxxx_01.s

MCTM0UP_IRQHandler 0000016E

Symbol: MCTM0UP_IRQHandler
   Definitions
      At line 364 in file startup_ht32f1xxxx_01.s
   Uses
      At line 119 in file startup_ht32f1xxxx_01.s
      At line 299 in file startup_ht32f1xxxx_01.s

MCTM1BRK_IRQHandler 0000016E

Symbol: MCTM1BRK_IRQHandler
   Definitions
      At line 367 in file startup_ht32f1xxxx_01.s
   Uses
      At line 122 in file startup_ht32f1xxxx_01.s
      At line 302 in file startup_ht32f1xxxx_01.s

MCTM1CC_IRQHandler 0000016E

Symbol: MCTM1CC_IRQHandler
   Definitions
      At line 370 in file startup_ht32f1xxxx_01.s
   Uses
      At line 125 in file startup_ht32f1xxxx_01.s
      At line 305 in file startup_ht32f1xxxx_01.s

MCTM1TR_IRQHandler 0000016E

Symbol: MCTM1TR_IRQHandler
   Definitions
      At line 369 in file startup_ht32f1xxxx_01.s
   Uses
      At line 124 in file startup_ht32f1xxxx_01.s
      At line 304 in file startup_ht32f1xxxx_01.s

MCTM1UP_IRQHandler 0000016E

Symbol: MCTM1UP_IRQHandler
   Definitions
      At line 368 in file startup_ht32f1xxxx_01.s
   Uses
      At line 123 in file startup_ht32f1xxxx_01.s
      At line 303 in file startup_ht32f1xxxx_01.s

MemManage_Handler 00000160




ARM Macro Assembler    Page 8 Alphabetic symbol ordering
Relocatable symbols

Symbol: MemManage_Handler
   Definitions
      At line 236 in file startup_ht32f1xxxx_01.s
   Uses
      At line 73 in file startup_ht32f1xxxx_01.s
      At line 237 in file startup_ht32f1xxxx_01.s

NMI_Handler 0000015C

Symbol: NMI_Handler
   Definitions
      At line 226 in file startup_ht32f1xxxx_01.s
   Uses
      At line 71 in file startup_ht32f1xxxx_01.s
      At line 227 in file startup_ht32f1xxxx_01.s

PDMA_CH0_IRQHandler 0000016E

Symbol: PDMA_CH0_IRQHandler
   Definitions
      At line 387 in file startup_ht32f1xxxx_01.s
   Uses
      At line 154 in file startup_ht32f1xxxx_01.s
      At line 322 in file startup_ht32f1xxxx_01.s

PDMA_CH10_IRQHandler 0000016E

Symbol: PDMA_CH10_IRQHandler
   Definitions
      At line 397 in file startup_ht32f1xxxx_01.s
   Uses
      At line 332 in file startup_ht32f1xxxx_01.s
Comment: PDMA_CH10_IRQHandler used once
PDMA_CH11_IRQHandler 0000016E

Symbol: PDMA_CH11_IRQHandler
   Definitions
      At line 398 in file startup_ht32f1xxxx_01.s
   Uses
      At line 333 in file startup_ht32f1xxxx_01.s
Comment: PDMA_CH11_IRQHandler used once
PDMA_CH1_IRQHandler 0000016E

Symbol: PDMA_CH1_IRQHandler
   Definitions
      At line 388 in file startup_ht32f1xxxx_01.s
   Uses
      At line 155 in file startup_ht32f1xxxx_01.s
      At line 323 in file startup_ht32f1xxxx_01.s

PDMA_CH2_IRQHandler 0000016E

Symbol: PDMA_CH2_IRQHandler
   Definitions
      At line 389 in file startup_ht32f1xxxx_01.s
   Uses
      At line 156 in file startup_ht32f1xxxx_01.s
      At line 324 in file startup_ht32f1xxxx_01.s




ARM Macro Assembler    Page 9 Alphabetic symbol ordering
Relocatable symbols

PDMA_CH3_IRQHandler 0000016E

Symbol: PDMA_CH3_IRQHandler
   Definitions
      At line 390 in file startup_ht32f1xxxx_01.s
   Uses
      At line 157 in file startup_ht32f1xxxx_01.s
      At line 325 in file startup_ht32f1xxxx_01.s

PDMA_CH4_IRQHandler 0000016E

Symbol: PDMA_CH4_IRQHandler
   Definitions
      At line 391 in file startup_ht32f1xxxx_01.s
   Uses
      At line 158 in file startup_ht32f1xxxx_01.s
      At line 326 in file startup_ht32f1xxxx_01.s

PDMA_CH5_IRQHandler 0000016E

Symbol: PDMA_CH5_IRQHandler
   Definitions
      At line 392 in file startup_ht32f1xxxx_01.s
   Uses
      At line 159 in file startup_ht32f1xxxx_01.s
      At line 327 in file startup_ht32f1xxxx_01.s

PDMA_CH6_IRQHandler 0000016E

Symbol: PDMA_CH6_IRQHandler
   Definitions
      At line 393 in file startup_ht32f1xxxx_01.s
   Uses
      At line 160 in file startup_ht32f1xxxx_01.s
      At line 328 in file startup_ht32f1xxxx_01.s

PDMA_CH7_IRQHandler 0000016E

Symbol: PDMA_CH7_IRQHandler
   Definitions
      At line 394 in file startup_ht32f1xxxx_01.s
   Uses
      At line 161 in file startup_ht32f1xxxx_01.s
      At line 329 in file startup_ht32f1xxxx_01.s

PDMA_CH8_IRQHandler 0000016E

Symbol: PDMA_CH8_IRQHandler
   Definitions
      At line 395 in file startup_ht32f1xxxx_01.s
   Uses
      At line 330 in file startup_ht32f1xxxx_01.s
Comment: PDMA_CH8_IRQHandler used once
PDMA_CH9_IRQHandler 0000016E

Symbol: PDMA_CH9_IRQHandler
   Definitions
      At line 396 in file startup_ht32f1xxxx_01.s
   Uses



ARM Macro Assembler    Page 10 Alphabetic symbol ordering
Relocatable symbols

      At line 331 in file startup_ht32f1xxxx_01.s
Comment: PDMA_CH9_IRQHandler used once
PendSV_Handler 0000016A

Symbol: PendSV_Handler
   Definitions
      At line 261 in file startup_ht32f1xxxx_01.s
   Uses
      At line 83 in file startup_ht32f1xxxx_01.s
      At line 262 in file startup_ht32f1xxxx_01.s

RESET 00000000

Symbol: RESET
   Definitions
      At line 65 in file startup_ht32f1xxxx_01.s
   Uses
      None
Comment: RESET unused
RTC_IRQHandler 0000016E

Symbol: RTC_IRQHandler
   Definitions
      At line 341 in file startup_ht32f1xxxx_01.s
   Uses
      At line 95 in file startup_ht32f1xxxx_01.s
      At line 276 in file startup_ht32f1xxxx_01.s

Reset_Handler 00000154

Symbol: Reset_Handler
   Definitions
      At line 184 in file startup_ht32f1xxxx_01.s
   Uses
      At line 70 in file startup_ht32f1xxxx_01.s
      At line 185 in file startup_ht32f1xxxx_01.s

SCI_IRQHandler 0000016E

Symbol: SCI_IRQHandler
   Definitions
      At line 383 in file startup_ht32f1xxxx_01.s
   Uses
      At line 145 in file startup_ht32f1xxxx_01.s
      At line 318 in file startup_ht32f1xxxx_01.s

SDIO_IRQHandler 0000016E

Symbol: SDIO_IRQHandler
   Definitions
      At line 386 in file startup_ht32f1xxxx_01.s
   Uses
      At line 321 in file startup_ht32f1xxxx_01.s
Comment: SDIO_IRQHandler used once
SPI0_IRQHandler 0000016E

Symbol: SPI0_IRQHandler
   Definitions
      At line 377 in file startup_ht32f1xxxx_01.s



ARM Macro Assembler    Page 11 Alphabetic symbol ordering
Relocatable symbols

   Uses
      At line 136 in file startup_ht32f1xxxx_01.s
      At line 312 in file startup_ht32f1xxxx_01.s

SPI1_IRQHandler 0000016E

Symbol: SPI1_IRQHandler
   Definitions
      At line 378 in file startup_ht32f1xxxx_01.s
   Uses
      At line 137 in file startup_ht32f1xxxx_01.s
      At line 313 in file startup_ht32f1xxxx_01.s

SVC_Handler 00000166

Symbol: SVC_Handler
   Definitions
      At line 251 in file startup_ht32f1xxxx_01.s
   Uses
      At line 80 in file startup_ht32f1xxxx_01.s
      At line 252 in file startup_ht32f1xxxx_01.s

SysTick_Handler 0000016C

Symbol: SysTick_Handler
   Definitions
      At line 266 in file startup_ht32f1xxxx_01.s
   Uses
      At line 84 in file startup_ht32f1xxxx_01.s
      At line 267 in file startup_ht32f1xxxx_01.s

UART0_IRQHandler 0000016E

Symbol: UART0_IRQHandler
   Definitions
      At line 381 in file startup_ht32f1xxxx_01.s
   Uses
      At line 140 in file startup_ht32f1xxxx_01.s
      At line 316 in file startup_ht32f1xxxx_01.s

UART1_IRQHandler 0000016E

Symbol: UART1_IRQHandler
   Definitions
      At line 382 in file startup_ht32f1xxxx_01.s
   Uses
      At line 141 in file startup_ht32f1xxxx_01.s
      At line 317 in file startup_ht32f1xxxx_01.s

USART0_IRQHandler 0000016E

Symbol: USART0_IRQHandler
   Definitions
      At line 379 in file startup_ht32f1xxxx_01.s
   Uses
      At line 138 in file startup_ht32f1xxxx_01.s
      At line 314 in file startup_ht32f1xxxx_01.s

USART1_IRQHandler 0000016E



ARM Macro Assembler    Page 12 Alphabetic symbol ordering
Relocatable symbols


Symbol: USART1_IRQHandler
   Definitions
      At line 380 in file startup_ht32f1xxxx_01.s
   Uses
      At line 139 in file startup_ht32f1xxxx_01.s
      At line 315 in file startup_ht32f1xxxx_01.s

USB_IRQHandler 0000016E

Symbol: USB_IRQHandler
   Definitions
      At line 385 in file startup_ht32f1xxxx_01.s
   Uses
      At line 148 in file startup_ht32f1xxxx_01.s
      At line 320 in file startup_ht32f1xxxx_01.s

UsageFault_Handler 00000164

Symbol: UsageFault_Handler
   Definitions
      At line 246 in file startup_ht32f1xxxx_01.s
   Uses
      At line 75 in file startup_ht32f1xxxx_01.s
      At line 247 in file startup_ht32f1xxxx_01.s

WDT_IRQHandler 0000016E

Symbol: WDT_IRQHandler
   Definitions
      At line 340 in file startup_ht32f1xxxx_01.s
   Uses
      At line 91 in file startup_ht32f1xxxx_01.s
      At line 275 in file startup_ht32f1xxxx_01.s

__Vectors 00000000

Symbol: __Vectors
   Definitions
      At line 68 in file startup_ht32f1xxxx_01.s
   Uses
      At line 66 in file startup_ht32f1xxxx_01.s
Comment: __Vectors used once
78 symbols



ARM Macro Assembler    Page 1 Alphabetic symbol ordering
Absolute symbols

HT32F12345 00000003

Symbol: HT32F12345
   Definitions
      At line 35 in file startup_ht32f1xxxx_01.s
   Uses
      At line 142 in file startup_ht32f1xxxx_01.s
Comment: HT32F12345 used once
HT32F12365_66 00000002

Symbol: HT32F12365_66
   Definitions
      At line 34 in file startup_ht32f1xxxx_01.s
   Uses
      At line 173 in file startup_ht32f1xxxx_01.s
      At line 179 in file startup_ht32f1xxxx_01.s

HT32F1653_54_55_56 00000001

Symbol: HT32F1653_54_55_56
   Definitions
      At line 33 in file startup_ht32f1xxxx_01.s
   Uses
      At line 90 in file startup_ht32f1xxxx_01.s
      At line 149 in file startup_ht32f1xxxx_01.s
      At line 162 in file startup_ht32f1xxxx_01.s
      At line 188 in file startup_ht32f1xxxx_01.s
      At line 199 in file startup_ht32f1xxxx_01.s

Heap_Size 00000000

Symbol: Heap_Size
   Definitions
      At line 52 in file startup_ht32f1xxxx_01.s
   Uses
      At line 56 in file startup_ht32f1xxxx_01.s
Comment: Heap_Size used once
Stack_Size 00000200

Symbol: Stack_Size
   Definitions
      At line 45 in file startup_ht32f1xxxx_01.s
   Uses
      At line 48 in file startup_ht32f1xxxx_01.s
Comment: Stack_Size used once
USE_HT32_CHIP_SET 00000000

Symbol: USE_HT32_CHIP_SET
   Definitions
      At line 28 in file startup_ht32f1xxxx_01.s
   Uses
      At line 37 in file startup_ht32f1xxxx_01.s
Comment: USE_HT32_CHIP_SET used once
_HT32FWID FFFFFFFF

Symbol: _HT32FWID
   Definitions
      At line 30 in file startup_ht32f1xxxx_01.s
   Uses



ARM Macro Assembler    Page 2 Alphabetic symbol ordering
Absolute symbols

      At line 77 in file startup_ht32f1xxxx_01.s
Comment: _HT32FWID used once
_RESERVED FFFFFFFF

Symbol: _RESERVED
   Definitions
      At line 67 in file startup_ht32f1xxxx_01.s
   Uses
      At line 76 in file startup_ht32f1xxxx_01.s
      At line 78 in file startup_ht32f1xxxx_01.s
      At line 79 in file startup_ht32f1xxxx_01.s
      At line 82 in file startup_ht32f1xxxx_01.s
      At line 117 in file startup_ht32f1xxxx_01.s
      At line 128 in file startup_ht32f1xxxx_01.s
      At line 129 in file startup_ht32f1xxxx_01.s
      At line 130 in file startup_ht32f1xxxx_01.s
      At line 131 in file startup_ht32f1xxxx_01.s
      At line 150 in file startup_ht32f1xxxx_01.s
      At line 163 in file startup_ht32f1xxxx_01.s
      At line 164 in file startup_ht32f1xxxx_01.s
      At line 165 in file startup_ht32f1xxxx_01.s
      At line 166 in file startup_ht32f1xxxx_01.s
      At line 176 in file startup_ht32f1xxxx_01.s

8 symbols



ARM Macro Assembler    Page 1 Alphabetic symbol ordering
External symbols

SystemInit 00000000

Symbol: SystemInit
   Definitions
      At line 186 in file startup_ht32f1xxxx_01.s
   Uses
      At line 193 in file startup_ht32f1xxxx_01.s
Comment: SystemInit used once
__main 00000000

Symbol: __main
   Definitions
      At line 187 in file startup_ht32f1xxxx_01.s
   Uses
      At line 195 in file startup_ht32f1xxxx_01.s
Comment: __main used once
2 symbols
431 symbols in table
